<?xml version="1.0" encoding="UTF-8"?>
<!-- Generated by org.testng.reporters.JUnitXMLReporter -->
<testsuite ignored="0" hostname="DESKTOP-3JIGDB9" failures="1" tests="1" name="Surefire test" time="8.808" errors="0" timestamp="2024-12-03T13:12:42 IST">
  <testcase classname="io.cucumber.testng.AbstractTestNGCucumberTests" name="runScenario" time="7.852">
    <failure type="java.lang.AssertionError" message="expected [Login Successfully] but found [Incorrect email or password.]">
      <![CDATA[java.lang.AssertionError: expected [Login Successfully] but found [Incorrect email or password.]
at shankarnrraibagi.stepDefinition.StepDefinitionImpl.error_message_is_displayed(StepDefinitionImpl.java:63)
at âœ½."Incorrect email or password." message is displayed(file:///C:/Users/DELL/Desktop/Programs/SeleniumFrameworkDesign/src/test/java/cucumber/ErrorValidation.feature:10)
... Removed 6 stack frames]]>
    </failure>
  </testcase> <!-- runScenario -->
</testsuite> <!-- Surefire test -->
