<?xml version="1.0" encoding="UTF-8"?>
<!-- Generated by org.testng.reporters.JUnitReportReporter -->
<testsuite hostname="DESKTOP-3JIGDB9" failures="1" tests="1" name="cucumber.TestNGTestRunner" time="7.852" errors="0" timestamp="2024-12-03T13:12:42 IST" skipped="0">
  <testcase classname="cucumber.TestNGTestRunner" name="runScenario" time="7.852">
    <failure message="expected [Login Successfully] but found [Incorrect email or password.]" type="java.lang.AssertionError">
      <![CDATA[java.lang.AssertionError: expected [Login Successfully] but found [Incorrect email or password.]
at org.testng.Assert.fail(Assert.java:111)
at org.testng.Assert.failNotEquals(Assert.java:1578)
at org.testng.Assert.assertEqualsImpl(Assert.java:150)
at org.testng.Assert.assertEquals(Assert.java:132)
at org.testng.Assert.assertEquals(Assert.java:656)
at org.testng.Assert.assertEquals(Assert.java:666)
at shankarnrraibagi.stepDefinition.StepDefinitionImpl.error_message_is_displayed(StepDefinitionImpl.java:63)
at âœ½."Incorrect email or password." message is displayed(file:///C:/Users/DELL/Desktop/Programs/SeleniumFrameworkDesign/src/test/java/cucumber/ErrorValidation.feature:10)
]]>
    </failure>
  </testcase> <!-- runScenario -->
</testsuite> <!-- cucumber.TestNGTestRunner -->
